E:\DOCUMENTS\VISUAL STUDIO 2010\PROJECTS\SPACEGAME\DEBUG\SPACEGAME.EXE
E:\DOCUMENTS\VISUAL STUDIO 2010\PROJECTS\SPACEGAME\DEBUG\SPACEGAME.ILK
E:\DOCUMENTS\VISUAL STUDIO 2010\PROJECTS\SPACEGAME\DEBUG\SPACEGAME.PDB
E:\DOCUMENTS\VISUAL STUDIO 2010\PROJECTS\SPACEGAME\SPACEGAME\DEBUG\CD3DMANAGER.OBJ
E:\DOCUMENTS\VISUAL STUDIO 2010\PROJECTS\SPACEGAME\SPACEGAME\DEBUG\CD3DXSPRITEMGR.OBJ
E:\DOCUMENTS\VISUAL STUDIO 2010\PROJECTS\SPACEGAME\SPACEGAME\DEBUG\CD3DXTEXTURE.OBJ
E:\Documents\Visual Studio 2010\Projects\SpaceGame\SpaceGame\Debug\cl.command.1.tlog
E:\Documents\Visual Studio 2010\Projects\SpaceGame\SpaceGame\Debug\CL.read.1.tlog
E:\Documents\Visual Studio 2010\Projects\SpaceGame\SpaceGame\Debug\CL.write.1.tlog
E:\DOCUMENTS\VISUAL STUDIO 2010\PROJECTS\SPACEGAME\SPACEGAME\DEBUG\CSPRITE.OBJ
E:\Documents\Visual Studio 2010\Projects\SpaceGame\SpaceGame\Debug\link.command.1.tlog
E:\Documents\Visual Studio 2010\Projects\SpaceGame\SpaceGame\Debug\link.read.1.tlog
E:\Documents\Visual Studio 2010\Projects\SpaceGame\SpaceGame\Debug\link.write.1.tlog
E:\DOCUMENTS\VISUAL STUDIO 2010\PROJECTS\SPACEGAME\SPACEGAME\DEBUG\MAIN.OBJ
E:\Documents\Visual Studio 2010\Projects\SpaceGame\SpaceGame\Debug\mt.command.1.tlog
E:\Documents\Visual Studio 2010\Projects\SpaceGame\SpaceGame\Debug\mt.read.1.tlog
E:\Documents\Visual Studio 2010\Projects\SpaceGame\SpaceGame\Debug\mt.write.1.tlog
E:\DOCUMENTS\VISUAL STUDIO 2010\PROJECTS\SPACEGAME\SPACEGAME\DEBUG\SPACEGAME.EXE.INTERMEDIATE.MANIFEST
E:\Documents\Visual Studio 2010\Projects\SpaceGame\SpaceGame\Debug\SpaceGame.vcxprojResolveAssemblyReference.cache
E:\Documents\Visual Studio 2010\Projects\SpaceGame\SpaceGame\Debug\SpaceGame.write.1.tlog
E:\Documents\Visual Studio 2010\Projects\SpaceGame\SpaceGame\Debug\vc100.idb
E:\DOCUMENTS\VISUAL STUDIO 2010\PROJECTS\SPACEGAME\SPACEGAME\DEBUG\VC100.PDB
